<?xml version="1.0" encoding="UTF-8"?>
<!-- Generated by org.testng.reporters.JUnitXMLReporter -->
<testsuite ignored="0" hostname="DESKTOP-AJD82PS" failures="0" tests="5" name="ElementSelection" time="14.164" errors="0" timestamp="2020-01-21T20:08:16 GMT-05:00">
  <testcase classname="SeleniumAutomatedTest.LeanIndustries.ElementSelection" name="testInputText" time="1.136"/>
  <testcase classname="SeleniumAutomatedTest.LeanIndustries.ElementSelection" name="testCheckboxes" time="0.15"/>
  <testcase classname="SeleniumAutomatedTest.LeanIndustries.ElementSelection" name="testRadioButtons" time="0.132"/>
  <testcase classname="SeleniumAutomatedTest.LeanIndustries.ElementSelection" name="testSelectOneMenu" time="5.432"/>
  <testcase classname="SeleniumAutomatedTest.LeanIndustries.ElementSelection" name="testEnterDate" time="0.36"/>
</testsuite> <!-- ElementSelection -->
